<?xml version="1.0" encoding="UTF-8"?>
<testsuite xmlns:xsi="http://www.w3.org/2001/XMLSchema-instance" xsi:noNamespaceSchemaLocation="https://maven.apache.org/surefire/maven-surefire-plugin/xsd/surefire-test-report-3.0.xsd" version="3.0" name="com.xinghaogroup.health_app_server.utils.JwtUtilsTest" time="0.699" tests="2" errors="0" skipped="0" failures="0">
  <properties>
[...]
</properties>
  <testcase name="testGenerateAndParseToken" classname="com.xinghaogroup.health_app_server.utils.JwtUtilsTest" time="0.696">
    <system-out><![CDATA[Standard Commons Logging discovery in action with spring-jcl: please remove commons-logging.jar from classpath in order to avoid potential conflicts
]]></system-out>
  </testcase>
  <testcase name="testValidateToken" classname="com.xinghaogroup.health_app_server.utils.JwtUtilsTest" time="0.0"/>
</testsuite>